Analysis & Synthesis report for Projeto_ULA
Wed Jun 05 15:07:16 2024
Quartus Prime Version 20.1.1 Build 720 11/11/2020 SJ Lite Edition


---------------------
; Table of Contents ;
---------------------
  1. Legal Notice
  2. Analysis & Synthesis Summary
  3. Analysis & Synthesis Settings
  4. Parallel Compilation
  5. Analysis & Synthesis Source Files Read
  6. Analysis & Synthesis Resource Usage Summary
  7. Analysis & Synthesis Resource Utilization by Entity
  8. General Register Statistics
  9. Post-Synthesis Netlist Statistics for Top Partition
 10. Elapsed Time Per Partition
 11. Analysis & Synthesis Messages



----------------
; Legal Notice ;
----------------
Copyright (C) 2020  Intel Corporation. All rights reserved.
Your use of Intel Corporation's design tools, logic functions 
and other software and tools, and any partner logic 
functions, and any output files from any of the foregoing 
(including device programming or simulation files), and any 
associated documentation or information are expressly subject 
to the terms and conditions of the Intel Program License 
Subscription Agreement, the Intel Quartus Prime License Agreement,
the Intel FPGA IP License Agreement, or other applicable license
agreement, including, without limitation, that your use is for
the sole purpose of programming logic devices manufactured by
Intel and sold by Intel or its authorized distributors.  Please
refer to the applicable agreement for further details, at
https://fpgasoftware.intel.com/eula.



+----------------------------------------------------------------------------------+
; Analysis & Synthesis Summary                                                     ;
+------------------------------------+---------------------------------------------+
; Analysis & Synthesis Status        ; Successful - Wed Jun 05 15:07:16 2024       ;
; Quartus Prime Version              ; 20.1.1 Build 720 11/11/2020 SJ Lite Edition ;
; Revision Name                      ; Projeto_ULA                                 ;
; Top-level Entity Name              ; Projeto_ULA                                 ;
; Family                             ; Cyclone IV E                                ;
; Total logic elements               ; 145                                         ;
;     Total combinational functions  ; 145                                         ;
;     Dedicated logic registers      ; 0                                           ;
; Total registers                    ; 0                                           ;
; Total pins                         ; 68                                          ;
; Total virtual pins                 ; 0                                           ;
; Total memory bits                  ; 0                                           ;
; Embedded Multiplier 9-bit elements ; 0                                           ;
; Total PLLs                         ; 0                                           ;
+------------------------------------+---------------------------------------------+


+------------------------------------------------------------------------------------------------------------+
; Analysis & Synthesis Settings                                                                              ;
+------------------------------------------------------------------+--------------------+--------------------+
; Option                                                           ; Setting            ; Default Value      ;
+------------------------------------------------------------------+--------------------+--------------------+
; Device                                                           ; EP4CE115F29C7      ;                    ;
; Top-level entity name                                            ; Projeto_ULA        ; Projeto_ULA        ;
; Family name                                                      ; Cyclone IV E       ; Cyclone V          ;
; Use smart compilation                                            ; Off                ; Off                ;
; Enable parallel Assembler and Timing Analyzer during compilation ; On                 ; On                 ;
; Enable compact report table                                      ; Off                ; Off                ;
; Restructure Multiplexers                                         ; Auto               ; Auto               ;
; Create Debugging Nodes for IP Cores                              ; Off                ; Off                ;
; Preserve fewer node names                                        ; On                 ; On                 ;
; Intel FPGA IP Evaluation Mode                                    ; Enable             ; Enable             ;
; Verilog Version                                                  ; Verilog_2001       ; Verilog_2001       ;
; VHDL Version                                                     ; VHDL_1993          ; VHDL_1993          ;
; State Machine Processing                                         ; Auto               ; Auto               ;
; Safe State Machine                                               ; Off                ; Off                ;
; Extract Verilog State Machines                                   ; On                 ; On                 ;
; Extract VHDL State Machines                                      ; On                 ; On                 ;
; Ignore Verilog initial constructs                                ; Off                ; Off                ;
; Iteration limit for constant Verilog loops                       ; 5000               ; 5000               ;
; Iteration limit for non-constant Verilog loops                   ; 250                ; 250                ;
; Add Pass-Through Logic to Inferred RAMs                          ; On                 ; On                 ;
; Infer RAMs from Raw Logic                                        ; On                 ; On                 ;
; Parallel Synthesis                                               ; On                 ; On                 ;
; DSP Block Balancing                                              ; Auto               ; Auto               ;
; NOT Gate Push-Back                                               ; On                 ; On                 ;
; Power-Up Don't Care                                              ; On                 ; On                 ;
; Remove Redundant Logic Cells                                     ; Off                ; Off                ;
; Remove Duplicate Registers                                       ; On                 ; On                 ;
; Ignore CARRY Buffers                                             ; Off                ; Off                ;
; Ignore CASCADE Buffers                                           ; Off                ; Off                ;
; Ignore GLOBAL Buffers                                            ; Off                ; Off                ;
; Ignore ROW GLOBAL Buffers                                        ; Off                ; Off                ;
; Ignore LCELL Buffers                                             ; Off                ; Off                ;
; Ignore SOFT Buffers                                              ; On                 ; On                 ;
; Limit AHDL Integers to 32 Bits                                   ; Off                ; Off                ;
; Optimization Technique                                           ; Balanced           ; Balanced           ;
; Carry Chain Length                                               ; 70                 ; 70                 ;
; Auto Carry Chains                                                ; On                 ; On                 ;
; Auto Open-Drain Pins                                             ; On                 ; On                 ;
; Perform WYSIWYG Primitive Resynthesis                            ; Off                ; Off                ;
; Auto ROM Replacement                                             ; On                 ; On                 ;
; Auto RAM Replacement                                             ; On                 ; On                 ;
; Auto DSP Block Replacement                                       ; On                 ; On                 ;
; Auto Shift Register Replacement                                  ; Auto               ; Auto               ;
; Allow Shift Register Merging across Hierarchies                  ; Auto               ; Auto               ;
; Auto Clock Enable Replacement                                    ; On                 ; On                 ;
; Strict RAM Replacement                                           ; Off                ; Off                ;
; Allow Synchronous Control Signals                                ; On                 ; On                 ;
; Force Use of Synchronous Clear Signals                           ; Off                ; Off                ;
; Auto RAM Block Balancing                                         ; On                 ; On                 ;
; Auto RAM to Logic Cell Conversion                                ; Off                ; Off                ;
; Auto Resource Sharing                                            ; Off                ; Off                ;
; Allow Any RAM Size For Recognition                               ; Off                ; Off                ;
; Allow Any ROM Size For Recognition                               ; Off                ; Off                ;
; Allow Any Shift Register Size For Recognition                    ; Off                ; Off                ;
; Use LogicLock Constraints during Resource Balancing              ; On                 ; On                 ;
; Ignore translate_off and synthesis_off directives                ; Off                ; Off                ;
; Timing-Driven Synthesis                                          ; On                 ; On                 ;
; Report Parameter Settings                                        ; On                 ; On                 ;
; Report Source Assignments                                        ; On                 ; On                 ;
; Report Connectivity Checks                                       ; On                 ; On                 ;
; Ignore Maximum Fan-Out Assignments                               ; Off                ; Off                ;
; Synchronization Register Chain Length                            ; 2                  ; 2                  ;
; Power Optimization During Synthesis                              ; Normal compilation ; Normal compilation ;
; HDL message level                                                ; Level2             ; Level2             ;
; Suppress Register Optimization Related Messages                  ; Off                ; Off                ;
; Number of Removed Registers Reported in Synthesis Report         ; 5000               ; 5000               ;
; Number of Swept Nodes Reported in Synthesis Report               ; 5000               ; 5000               ;
; Number of Inverted Registers Reported in Synthesis Report        ; 100                ; 100                ;
; Clock MUX Protection                                             ; On                 ; On                 ;
; Auto Gated Clock Conversion                                      ; Off                ; Off                ;
; Block Design Naming                                              ; Auto               ; Auto               ;
; SDC constraint protection                                        ; Off                ; Off                ;
; Synthesis Effort                                                 ; Auto               ; Auto               ;
; Shift Register Replacement - Allow Asynchronous Clear Signal     ; On                 ; On                 ;
; Pre-Mapping Resynthesis Optimization                             ; Off                ; Off                ;
; Analysis & Synthesis Message Level                               ; Medium             ; Medium             ;
; Disable Register Merging Across Hierarchies                      ; Auto               ; Auto               ;
; Resource Aware Inference For Block RAM                           ; On                 ; On                 ;
+------------------------------------------------------------------+--------------------+--------------------+


+------------------------------------------+
; Parallel Compilation                     ;
+----------------------------+-------------+
; Processors                 ; Number      ;
+----------------------------+-------------+
; Number detected on machine ; 16          ;
; Maximum allowed            ; 16          ;
;                            ;             ;
; Average used               ; 1.00        ;
; Maximum used               ; 1           ;
;                            ;             ;
; Usage by Processor         ; % Time Used ;
;     Processor 1            ; 100.0%      ;
+----------------------------+-------------+


+----------------------------------------------------------------------------------------------------------------------------------------------------------------+
; Analysis & Synthesis Source Files Read                                                                                                                         ;
+----------------------------------+-----------------+------------------------------------------+------------------------------------------------------+---------+
; File Name with User-Entered Path ; Used in Netlist ; File Type                                ; File Name with Absolute Path                         ; Library ;
+----------------------------------+-----------------+------------------------------------------+------------------------------------------------------+---------+
; comp_b.bdf                       ; yes             ; User Block Diagram/Schematic File        ; D:/Users/hap/Documents/Projeto SD/comp_b.bdf         ;         ;
; soma1.bdf                        ; yes             ; User Block Diagram/Schematic File        ; D:/Users/hap/Documents/Projeto SD/soma1.bdf          ;         ;
; Projeto_ULA.bdf                  ; yes             ; User Block Diagram/Schematic File        ; D:/Users/hap/Documents/Projeto SD/Projeto_ULA.bdf    ;         ;
; Soma_AB.bdf                      ; yes             ; User Block Diagram/Schematic File        ; D:/Users/hap/Documents/Projeto SD/Soma_AB.bdf        ;         ;
; Decoder7_5.bdf                   ; yes             ; User Block Diagram/Schematic File        ; D:/Users/hap/Documents/Projeto SD/Decoder7_5.bdf     ;         ;
; Full-adder.bdf                   ; yes             ; User Block Diagram/Schematic File        ; D:/Users/hap/Documents/Projeto SD/Full-adder.bdf     ;         ;
; Comp_soma.bdf                    ; yes             ; User Block Diagram/Schematic File        ; D:/Users/hap/Documents/Projeto SD/Comp_soma.bdf      ;         ;
; caso_zero.bdf                    ; yes             ; User Block Diagram/Schematic File        ; D:/Users/hap/Documents/Projeto SD/caso_zero.bdf      ;         ;
; Mux_p.bdf                        ; yes             ; User Block Diagram/Schematic File        ; D:/Users/hap/Documents/Projeto SD/Mux_p.bdf          ;         ;
; separa_sinal.bdf                 ; yes             ; User Block Diagram/Schematic File        ; D:/Users/hap/Documents/Projeto SD/separa_sinal.bdf   ;         ;
; Inverter_sinal.bdf               ; yes             ; User Block Diagram/Schematic File        ; D:/Users/hap/Documents/Projeto SD/Inverter_sinal.bdf ;         ;
; Zero_CB.bdf                      ; yes             ; User Block Diagram/Schematic File        ; D:/Users/hap/Documents/Projeto SD/Zero_CB.bdf        ;         ;
; Zero_Sin.bdf                     ; yes             ; User Block Diagram/Schematic File        ; D:/Users/hap/Documents/Projeto SD/Zero_Sin.bdf       ;         ;
; maior4bit.bdf                    ; yes             ; Auto-Found Block Diagram/Schematic File  ; D:/Users/hap/Documents/Projeto SD/maior4bit.bdf      ;         ;
; maiormult.bdf                    ; yes             ; Auto-Found Block Diagram/Schematic File  ; D:/Users/hap/Documents/Projeto SD/maiormult.bdf      ;         ;
; maior.bdf                        ; yes             ; Auto-Found Block Diagram/Schematic File  ; D:/Users/hap/Documents/Projeto SD/maior.bdf          ;         ;
; menor.bdf                        ; yes             ; Auto-Found Block Diagram/Schematic File  ; D:/Users/hap/Documents/Projeto SD/menor.bdf          ;         ;
; menor4bit.bdf                    ; yes             ; Auto-Found Block Diagram/Schematic File  ; D:/Users/hap/Documents/Projeto SD/menor4bit.bdf      ;         ;
; menormult.bdf                    ; yes             ; Auto-Found Block Diagram/Schematic File  ; D:/Users/hap/Documents/Projeto SD/menormult.bdf      ;         ;
; igual5sign.bdf                   ; yes             ; Auto-Found Block Diagram/Schematic File  ; D:/Users/hap/Documents/Projeto SD/igual5sign.bdf     ;         ;
; maior5sign.bdf                   ; yes             ; Auto-Found Block Diagram/Schematic File  ; D:/Users/hap/Documents/Projeto SD/maior5sign.bdf     ;         ;
; mux4x1.bdf                       ; yes             ; Auto-Found Block Diagram/Schematic File  ; D:/Users/hap/Documents/Projeto SD/mux4x1.bdf         ;         ;
; decod2x4.bdf                     ; yes             ; Auto-Found Block Diagram/Schematic File  ; D:/Users/hap/Documents/Projeto SD/decod2x4.bdf       ;         ;
; menor5sign.bdf                   ; yes             ; Auto-Found Block Diagram/Schematic File  ; D:/Users/hap/Documents/Projeto SD/menor5sign.bdf     ;         ;
; and5bit.bdf                      ; yes             ; Auto-Found Block Diagram/Schematic File  ; D:/Users/hap/Documents/Projeto SD/and5bit.bdf        ;         ;
; xor5bit.bdf                      ; yes             ; Auto-Found Block Diagram/Schematic File  ; D:/Users/hap/Documents/Projeto SD/xor5bit.bdf        ;         ;
+----------------------------------+-----------------+------------------------------------------+------------------------------------------------------+---------+


+---------------------------------------------------------------+
; Analysis & Synthesis Resource Usage Summary                   ;
+---------------------------------------------+-----------------+
; Resource                                    ; Usage           ;
+---------------------------------------------+-----------------+
; Estimated Total logic elements              ; 145             ;
;                                             ;                 ;
; Total combinational functions               ; 145             ;
; Logic element usage by number of LUT inputs ;                 ;
;     -- 4 input functions                    ; 113             ;
;     -- 3 input functions                    ; 20              ;
;     -- <=2 input functions                  ; 12              ;
;                                             ;                 ;
; Logic elements by mode                      ;                 ;
;     -- normal mode                          ; 145             ;
;     -- arithmetic mode                      ; 0               ;
;                                             ;                 ;
; Total registers                             ; 0               ;
;     -- Dedicated logic registers            ; 0               ;
;     -- I/O registers                        ; 0               ;
;                                             ;                 ;
; I/O pins                                    ; 68              ;
;                                             ;                 ;
; Embedded Multiplier 9-bit elements          ; 0               ;
;                                             ;                 ;
; Maximum fan-out node                        ; Select[2]~input ;
; Maximum fan-out                             ; 30              ;
; Total fan-out                               ; 652             ;
; Average fan-out                             ; 2.32            ;
+---------------------------------------------+-----------------+


+-----------------------------------------------------------------------------------------------------------------------------------------------------------------------------------------------------------------------------------------------+
; Analysis & Synthesis Resource Utilization by Entity                                                                                                                                                                                           ;
+----------------------------+---------------------+---------------------------+-------------+--------------+---------+-----------+------+--------------+----------------------------------------------------------+-------------+--------------+
; Compilation Hierarchy Node ; Combinational ALUTs ; Dedicated Logic Registers ; Memory Bits ; DSP Elements ; DSP 9x9 ; DSP 18x18 ; Pins ; Virtual Pins ; Full Hierarchy Name                                      ; Entity Name ; Library Name ;
+----------------------------+---------------------+---------------------------+-------------+--------------+---------+-----------+------+--------------+----------------------------------------------------------+-------------+--------------+
; |Projeto_ULA               ; 145 (10)            ; 0 (0)                     ; 0           ; 0            ; 0       ; 0         ; 68   ; 0            ; |Projeto_ULA                                             ; Projeto_ULA ; work         ;
;    |Decoder7_5:inst41|     ; 40 (40)             ; 0 (0)                     ; 0           ; 0            ; 0       ; 0         ; 0    ; 0            ; |Projeto_ULA|Decoder7_5:inst41                           ; Decoder7_5  ; work         ;
;    |Decoder7_5:inst6|      ; 8 (8)               ; 0 (0)                     ; 0           ; 0            ; 0       ; 0         ; 0    ; 0            ; |Projeto_ULA|Decoder7_5:inst6                            ; Decoder7_5  ; work         ;
;    |Decoder7_5:inst7|      ; 8 (8)               ; 0 (0)                     ; 0           ; 0            ; 0       ; 0         ; 0    ; 0            ; |Projeto_ULA|Decoder7_5:inst7                            ; Decoder7_5  ; work         ;
;    |Mux_p:inst55|          ; 46 (46)             ; 0 (0)                     ; 0           ; 0            ; 0       ; 0         ; 0    ; 0            ; |Projeto_ULA|Mux_p:inst55                                ; Mux_p       ; work         ;
;    |Soma_AB:inst1|         ; 25 (2)              ; 0 (0)                     ; 0           ; 0            ; 0       ; 0         ; 0    ; 0            ; |Projeto_ULA|Soma_AB:inst1                               ; Soma_AB     ; work         ;
;       |Comp_soma:inst16|   ; 2 (0)               ; 0 (0)                     ; 0           ; 0            ; 0       ; 0         ; 0    ; 0            ; |Projeto_ULA|Soma_AB:inst1|Comp_soma:inst16              ; Comp_soma   ; work         ;
;          |soma1:inst20|    ; 1 (1)               ; 0 (0)                     ; 0           ; 0            ; 0       ; 0         ; 0    ; 0            ; |Projeto_ULA|Soma_AB:inst1|Comp_soma:inst16|soma1:inst20 ; soma1       ; work         ;
;          |soma1:inst40|    ; 1 (1)               ; 0 (0)                     ; 0           ; 0            ; 0       ; 0         ; 0    ; 0            ; |Projeto_ULA|Soma_AB:inst1|Comp_soma:inst16|soma1:inst40 ; soma1       ; work         ;
;       |Full-adder:inst13|  ; 3 (3)               ; 0 (0)                     ; 0           ; 0            ; 0       ; 0         ; 0    ; 0            ; |Projeto_ULA|Soma_AB:inst1|Full-adder:inst13             ; Full-adder  ; work         ;
;       |Full-adder:inst14|  ; 2 (2)               ; 0 (0)                     ; 0           ; 0            ; 0       ; 0         ; 0    ; 0            ; |Projeto_ULA|Soma_AB:inst1|Full-adder:inst14             ; Full-adder  ; work         ;
;       |Full-adder:inst15|  ; 1 (1)               ; 0 (0)                     ; 0           ; 0            ; 0       ; 0         ; 0    ; 0            ; |Projeto_ULA|Soma_AB:inst1|Full-adder:inst15             ; Full-adder  ; work         ;
;       |Full-adder:inst23|  ; 1 (1)               ; 0 (0)                     ; 0           ; 0            ; 0       ; 0         ; 0    ; 0            ; |Projeto_ULA|Soma_AB:inst1|Full-adder:inst23             ; Full-adder  ; work         ;
;       |Full-adder:inst24|  ; 2 (2)               ; 0 (0)                     ; 0           ; 0            ; 0       ; 0         ; 0    ; 0            ; |Projeto_ULA|Soma_AB:inst1|Full-adder:inst24             ; Full-adder  ; work         ;
;       |Full-adder:inst25|  ; 1 (1)               ; 0 (0)                     ; 0           ; 0            ; 0       ; 0         ; 0    ; 0            ; |Projeto_ULA|Soma_AB:inst1|Full-adder:inst25             ; Full-adder  ; work         ;
;       |igual5sign:inst19|  ; 4 (4)               ; 0 (0)                     ; 0           ; 0            ; 0       ; 0         ; 0    ; 0            ; |Projeto_ULA|Soma_AB:inst1|igual5sign:inst19             ; igual5sign  ; work         ;
;       |maior4bit:inst6|    ; 3 (3)               ; 0 (0)                     ; 0           ; 0            ; 0       ; 0         ; 0    ; 0            ; |Projeto_ULA|Soma_AB:inst1|maior4bit:inst6               ; maior4bit   ; work         ;
;       |menor4bit:inst10|   ; 4 (4)               ; 0 (0)                     ; 0           ; 0            ; 0       ; 0         ; 0    ; 0            ; |Projeto_ULA|Soma_AB:inst1|menor4bit:inst10              ; menor4bit   ; work         ;
;    |Soma_AB:inst|          ; 6 (2)               ; 0 (0)                     ; 0           ; 0            ; 0       ; 0         ; 0    ; 0            ; |Projeto_ULA|Soma_AB:inst                                ; Soma_AB     ; work         ;
;       |Comp_soma:inst16|   ; 2 (0)               ; 0 (0)                     ; 0           ; 0            ; 0       ; 0         ; 0    ; 0            ; |Projeto_ULA|Soma_AB:inst|Comp_soma:inst16               ; Comp_soma   ; work         ;
;          |soma1:inst30|    ; 2 (2)               ; 0 (0)                     ; 0           ; 0            ; 0       ; 0         ; 0    ; 0            ; |Projeto_ULA|Soma_AB:inst|Comp_soma:inst16|soma1:inst30  ; soma1       ; work         ;
;       |caso_zero:inst5|    ; 1 (1)               ; 0 (0)                     ; 0           ; 0            ; 0       ; 0         ; 0    ; 0            ; |Projeto_ULA|Soma_AB:inst|caso_zero:inst5                ; caso_zero   ; work         ;
;       |comp_b:inst2|       ; 1 (0)               ; 0 (0)                     ; 0           ; 0            ; 0       ; 0         ; 0    ; 0            ; |Projeto_ULA|Soma_AB:inst|comp_b:inst2                   ; comp_b      ; work         ;
;          |soma1:inst20|    ; 1 (1)               ; 0 (0)                     ; 0           ; 0            ; 0       ; 0         ; 0    ; 0            ; |Projeto_ULA|Soma_AB:inst|comp_b:inst2|soma1:inst20      ; soma1       ; work         ;
;    |comp_b:inst3|          ; 2 (0)               ; 0 (0)                     ; 0           ; 0            ; 0       ; 0         ; 0    ; 0            ; |Projeto_ULA|comp_b:inst3                                ; comp_b      ; work         ;
;       |soma1:inst30|       ; 1 (1)               ; 0 (0)                     ; 0           ; 0            ; 0       ; 0         ; 0    ; 0            ; |Projeto_ULA|comp_b:inst3|soma1:inst30                   ; soma1       ; work         ;
;       |soma1:inst31|       ; 1 (1)               ; 0 (0)                     ; 0           ; 0            ; 0       ; 0         ; 0    ; 0            ; |Projeto_ULA|comp_b:inst3|soma1:inst31                   ; soma1       ; work         ;
+----------------------------+---------------------+---------------------------+-------------+--------------+---------+-----------+------+--------------+----------------------------------------------------------+-------------+--------------+
Note: For table entries with two numbers listed, the numbers in parentheses indicate the number of resources of the given type used by the specific entity alone. The numbers listed outside of parentheses indicate the total resources of the given type used by the specific entity and all of its sub-entities in the hierarchy.


+------------------------------------------------------+
; General Register Statistics                          ;
+----------------------------------------------+-------+
; Statistic                                    ; Value ;
+----------------------------------------------+-------+
; Total registers                              ; 0     ;
; Number of registers using Synchronous Clear  ; 0     ;
; Number of registers using Synchronous Load   ; 0     ;
; Number of registers using Asynchronous Clear ; 0     ;
; Number of registers using Asynchronous Load  ; 0     ;
; Number of registers using Clock Enable       ; 0     ;
; Number of registers using Preset             ; 0     ;
+----------------------------------------------+-------+


+-----------------------------------------------------+
; Post-Synthesis Netlist Statistics for Top Partition ;
+-----------------------+-----------------------------+
; Type                  ; Count                       ;
+-----------------------+-----------------------------+
; boundary_port         ; 68                          ;
; cycloneiii_lcell_comb ; 149                         ;
;     normal            ; 149                         ;
;         0 data inputs ; 2                           ;
;         1 data inputs ; 2                           ;
;         2 data inputs ; 12                          ;
;         3 data inputs ; 20                          ;
;         4 data inputs ; 113                         ;
;                       ;                             ;
; Max LUT depth         ; 10.00                       ;
; Average LUT depth     ; 7.60                        ;
+-----------------------+-----------------------------+


+-------------------------------+
; Elapsed Time Per Partition    ;
+----------------+--------------+
; Partition Name ; Elapsed Time ;
+----------------+--------------+
; Top            ; 00:00:01     ;
+----------------+--------------+


+-------------------------------+
; Analysis & Synthesis Messages ;
+-------------------------------+
Info: *******************************************************************
Info: Running Quartus Prime Analysis & Synthesis
    Info: Version 20.1.1 Build 720 11/11/2020 SJ Lite Edition
    Info: Processing started: Wed Jun 05 15:07:05 2024
Info: Command: quartus_map --read_settings_files=on --write_settings_files=off Projeto_ULA -c Projeto_ULA
Warning (18236): Number of processors has not been specified which may cause overloading on shared machines.  Set the global assignment NUM_PARALLEL_PROCESSORS in your QSF to an appropriate value for best performance.
Info (20030): Parallel compilation is enabled and will use 16 of the 16 processors detected
Info (12021): Found 1 design units, including 1 entities, in source file comp_b.bdf
    Info (12023): Found entity 1: comp_b
Info (12021): Found 1 design units, including 1 entities, in source file soma1.bdf
    Info (12023): Found entity 1: soma1
Info (12021): Found 1 design units, including 1 entities, in source file projeto_ula.bdf
    Info (12023): Found entity 1: Projeto_ULA
Info (12021): Found 1 design units, including 1 entities, in source file soma_ab.bdf
    Info (12023): Found entity 1: Soma_AB
Info (12021): Found 1 design units, including 1 entities, in source file decoder7_5.bdf
    Info (12023): Found entity 1: Decoder7_5
Info (12021): Found 1 design units, including 1 entities, in source file full-adder.bdf
    Info (12023): Found entity 1: Full-adder
Info (12021): Found 1 design units, including 1 entities, in source file comp_soma.bdf
    Info (12023): Found entity 1: Comp_soma
Info (12021): Found 1 design units, including 1 entities, in source file caso_zero.bdf
    Info (12023): Found entity 1: caso_zero
Info (12021): Found 1 design units, including 1 entities, in source file mux_p.bdf
    Info (12023): Found entity 1: Mux_p
Info (12021): Found 1 design units, including 1 entities, in source file separa_sinal.bdf
    Info (12023): Found entity 1: separa_sinal
Info (12021): Found 1 design units, including 1 entities, in source file inverter_sinal.bdf
    Info (12023): Found entity 1: Inverter_sinal
Info (12021): Found 1 design units, including 1 entities, in source file zero_cb.bdf
    Info (12023): Found entity 1: Zero_CB
Warning (12019): Can't analyze file -- file output_files/Zero_sinal.bdf is missing
Info (12021): Found 1 design units, including 1 entities, in source file zero_sin.bdf
    Info (12023): Found entity 1: Zero_Sin
Info (12127): Elaborating entity "Projeto_ULA" for the top level hierarchy
Info (12128): Elaborating entity "separa_sinal" for hierarchy "separa_sinal:inst87"
Info (12128): Elaborating entity "Mux_p" for hierarchy "Mux_p:inst55"
Info (12128): Elaborating entity "Zero_CB" for hierarchy "Zero_CB:inst10"
Info (12128): Elaborating entity "comp_b" for hierarchy "comp_b:inst3"
Info (12128): Elaborating entity "soma1" for hierarchy "comp_b:inst3|soma1:inst30"
Info (12128): Elaborating entity "Soma_AB" for hierarchy "Soma_AB:inst1"
Warning (12125): Using design file maior4bit.bdf, which is not specified as a design file for the current project, but contains definitions for 1 design units and 1 entities in project
    Info (12023): Found entity 1: maior4bit
Info (12128): Elaborating entity "maior4bit" for hierarchy "Soma_AB:inst1|maior4bit:inst6"
Warning (12125): Using design file maiormult.bdf, which is not specified as a design file for the current project, but contains definitions for 1 design units and 1 entities in project
    Info (12023): Found entity 1: maiormult
Info (12128): Elaborating entity "maiormult" for hierarchy "Soma_AB:inst1|maior4bit:inst6|maiormult:inst3"
Warning (12125): Using design file maior.bdf, which is not specified as a design file for the current project, but contains definitions for 1 design units and 1 entities in project
    Info (12023): Found entity 1: maior
Info (12128): Elaborating entity "maior" for hierarchy "Soma_AB:inst1|maior4bit:inst6|maiormult:inst3|maior:inst"
Warning (12125): Using design file menor.bdf, which is not specified as a design file for the current project, but contains definitions for 1 design units and 1 entities in project
    Info (12023): Found entity 1: menor
Info (12128): Elaborating entity "menor" for hierarchy "Soma_AB:inst1|maior4bit:inst6|maiormult:inst3|menor:inst1"
Warning (12125): Using design file menor4bit.bdf, which is not specified as a design file for the current project, but contains definitions for 1 design units and 1 entities in project
    Info (12023): Found entity 1: menor4bit
Info (12128): Elaborating entity "menor4bit" for hierarchy "Soma_AB:inst1|menor4bit:inst10"
Warning (12125): Using design file menormult.bdf, which is not specified as a design file for the current project, but contains definitions for 1 design units and 1 entities in project
    Info (12023): Found entity 1: menormult
Info (12128): Elaborating entity "menormult" for hierarchy "Soma_AB:inst1|menor4bit:inst10|menormult:inst8"
Info (12128): Elaborating entity "Zero_Sin" for hierarchy "Soma_AB:inst1|Zero_Sin:inst30"
Warning (12125): Using design file igual5sign.bdf, which is not specified as a design file for the current project, but contains definitions for 1 design units and 1 entities in project
    Info (12023): Found entity 1: igual5sign
Info (12128): Elaborating entity "igual5sign" for hierarchy "Soma_AB:inst1|igual5sign:inst19"
Info (12128): Elaborating entity "Comp_soma" for hierarchy "Soma_AB:inst1|Comp_soma:inst16"
Warning (275002): No superset bus at connection
Warning (275008): Primitive "BAND2" of instance "inst" not used
Warning (275008): Primitive "VCC" of instance "inst1" not used
Info (12128): Elaborating entity "caso_zero" for hierarchy "Soma_AB:inst1|caso_zero:inst5"
Info (12128): Elaborating entity "Full-adder" for hierarchy "Soma_AB:inst1|Full-adder:inst13"
Info (12128): Elaborating entity "Inverter_sinal" for hierarchy "Inverter_sinal:inst2"
Warning (12125): Using design file maior5sign.bdf, which is not specified as a design file for the current project, but contains definitions for 1 design units and 1 entities in project
    Info (12023): Found entity 1: maior5sign
Info (12128): Elaborating entity "maior5sign" for hierarchy "maior5sign:inst9"
Warning (12125): Using design file mux4x1.bdf, which is not specified as a design file for the current project, but contains definitions for 1 design units and 1 entities in project
    Info (12023): Found entity 1: mux4x1
Info (12128): Elaborating entity "mux4x1" for hierarchy "maior5sign:inst9|mux4x1:inst1"
Warning (12125): Using design file decod2x4.bdf, which is not specified as a design file for the current project, but contains definitions for 1 design units and 1 entities in project
    Info (12023): Found entity 1: decod2x4
Info (12128): Elaborating entity "decod2x4" for hierarchy "maior5sign:inst9|mux4x1:inst1|decod2x4:inst"
Warning (12125): Using design file menor5sign.bdf, which is not specified as a design file for the current project, but contains definitions for 1 design units and 1 entities in project
    Info (12023): Found entity 1: menor5sign
Info (12128): Elaborating entity "menor5sign" for hierarchy "menor5sign:inst11"
Warning (12125): Using design file and5bit.bdf, which is not specified as a design file for the current project, but contains definitions for 1 design units and 1 entities in project
    Info (12023): Found entity 1: and5bit
Info (12128): Elaborating entity "and5bit" for hierarchy "and5bit:inst12"
Warning (12125): Using design file xor5bit.bdf, which is not specified as a design file for the current project, but contains definitions for 1 design units and 1 entities in project
    Info (12023): Found entity 1: xor5bit
Info (12128): Elaborating entity "xor5bit" for hierarchy "xor5bit:inst13"
Info (12128): Elaborating entity "Decoder7_5" for hierarchy "Decoder7_5:inst41"
Warning (13024): Output pins are stuck at VCC or GND
    Warning (13410): Pin "Display1[1]" is stuck at GND
    Warning (13410): Pin "Display5[6]" is stuck at VCC
    Warning (13410): Pin "Display5[2]" is stuck at GND
    Warning (13410): Pin "Display5[1]" is stuck at GND
    Warning (13410): Pin "Display7[6]" is stuck at VCC
    Warning (13410): Pin "Display7[2]" is stuck at GND
    Warning (13410): Pin "Display7[1]" is stuck at GND
Info (286030): Timing-Driven Synthesis is running
Info (16010): Generating hard_block partition "hard_block:auto_generated_inst"
    Info (16011): Adding 0 node(s), including 0 DDIO, 0 PLL, 0 transceiver and 0 LCELL
Info (21057): Implemented 213 device resources after synthesis - the final resource count might be different
    Info (21058): Implemented 13 input pins
    Info (21059): Implemented 55 output pins
    Info (21061): Implemented 145 logic cells
Info: Quartus Prime Analysis & Synthesis was successful. 0 errors, 27 warnings
    Info: Peak virtual memory: 4774 megabytes
    Info: Processing ended: Wed Jun 05 15:07:16 2024
    Info: Elapsed time: 00:00:11
    Info: Total CPU time (on all processors): 00:00:18


